#
# A fatal error has been detected by the Java Runtime Environment:
#
#  SIGSEGV (0xb) at pc=0x00007f1bb221d393, pid=14959, tid=14976
#
# JRE version: OpenJDK Runtime Environment (16.0.1+9) (build 16.0.1+9-24)
# Java VM: OpenJDK 64-Bit Server VM (16.0.1+9-24, mixed mode, tiered, compressed oops, compressed class ptrs, g1 gc, linux-amd64)
# Problematic frame:
# C  [libjimage.so+0x4393]  ImageStrings::find(Endian*, char const*, int*, unsigned int)+0x63
#
# Core dump will be written. Default location: Core dumps may be processed with "/usr/share/apport/apport %p %s %c %d %P %E" (or dumping to /home/sarthak/Downloads/cms/core.14959)
#
# If you would like to submit a bug report, please visit:
#   https://bugreport.java.com/bugreport/crash.jsp
#

---------------  S U M M A R Y ------------

Command Line: -XX:+ShowCodeDetailsInExceptionMessages -agentlib:jdwp=transport=dt_socket,suspend=y,address=localhost:45483 -javaagent:/home/sarthak/Downloads/eclipse-java-2021-06-R-linux-gtk-x86_64/eclipse/configuration/org.eclipse.osgi/217/0/.cp/lib/javaagent-shaded.jar -Dfile.encoding=UTF-8 com.cmsservices.cms.CmsApplication

Host: Intel(R) Core(TM) i5-8250U CPU @ 1.60GHz, 8 cores, 3G, Ubuntu 18.04.5 LTS
Time: Wed Oct  6 14:32:35 2021 IST elapsed time: 138.263187 seconds (0d 0h 2m 18s)

---------------  T H R E A D  ---------------

Current thread (0x00007f1bac173250):  JavaThread "Signal Dispatcher" daemon [_thread_in_vm, id=14976, stack(0x00007f1b8661f000,0x00007f1b86720000)]

Stack: [0x00007f1b8661f000,0x00007f1b86720000],  sp=0x00007f1b8671d1f0,  free space=1016k
Native frames: (J=compiled Java code, A=aot compiled Java code, j=interpreted, Vv=VM code, C=native code)
C  [libjimage.so+0x4393]  ImageStrings::find(Endian*, char const*, int*, unsigned int)+0x63
C  [libjimage.so+0x50de]  ImageFileReader::find_location_index(char const*, unsigned long long*) const+0x3e
C  [libjimage.so+0x55bc]  JIMAGE_FindResource+0xfc
V  [libjvm.so+0x55f051]